<?xml version="1.0" encoding="UTF-8"?>
<!-- Generated by org.testng.reporters.JUnitReportReporter -->
<testsuite skipped="0" hostname="KS-SUHAS-PC" name="PGProject.LoginTest" tests="4" failures="0" timestamp="2021-06-16T01:02:11 IST" time="4.275" errors="0">
  <testcase name="SignInTC_005" time="0.892" classname="PGProject.LoginTest"/>
  <system-out/>
  <testcase name="SignInTC_004" time="1.125" classname="PGProject.LoginTest"/>
  <system-out/>
  <testcase name="SignInTC_006" time="0.963" classname="PGProject.LoginTest"/>
  <system-out/>
  <testcase name="SignInTC_003" time="1.295" classname="PGProject.LoginTest"/>
  <system-out/>
</testsuite> <!-- PGProject.LoginTest -->
