<?xml version="1.0" encoding="UTF-8"?>
<!-- Generated by org.testng.reporters.JUnitReportReporter -->
<testsuite skipped="0" hostname="KS-SUHAS-PC" name="com.chatak.qa.test.LoginTest" tests="11" failures="0" timestamp="2021-07-02T23:04:46 IST" time="54.542" errors="0">
  <testcase name="LoginTC006" time="4.480" classname="com.chatak.qa.test.LoginTest"/>
  <system-out/>
  <testcase name="LoginTC007" time="4.254" classname="com.chatak.qa.test.LoginTest"/>
  <system-out/>
  <testcase name="LoginTC004" time="5.729" classname="com.chatak.qa.test.LoginTest"/>
  <system-out/>
  <testcase name="LoginTC005" time="4.767" classname="com.chatak.qa.test.LoginTest"/>
  <system-out/>
  <testcase name="LoginTC003" time="4.430" classname="com.chatak.qa.test.LoginTest"/>
  <system-out/>
  <testcase name="LoginTC016" time="4.573" classname="com.chatak.qa.test.LoginTest"/>
  <system-out/>
  <testcase name="LoginTC002" time="6.497" classname="com.chatak.qa.test.LoginTest"/>
  <system-out/>
  <testcase name="LoginTC013" time="4.584" classname="com.chatak.qa.test.LoginTest"/>
  <system-out/>
  <testcase name="LoginTC008" time="5.036" classname="com.chatak.qa.test.LoginTest"/>
  <system-out/>
  <testcase name="LoginTC015" time="4.638" classname="com.chatak.qa.test.LoginTest"/>
  <system-out/>
  <testcase name="LoginTC_017" time="5.554" classname="com.chatak.qa.test.LoginTest"/>
  <system-out/>
</testsuite> <!-- com.chatak.qa.test.LoginTest -->
