<?xml version="1.0" encoding="UTF-8"?>
<!-- Generated by org.testng.reporters.JUnitReportReporter -->
<testsuite skipped="0" hostname="KS-SUHAS-PC" name="FashionPage.FashionTest" tests="3" failures="0" timestamp="2021-06-05T23:34:05 IST" time="6.717" errors="0">
  <testcase name="FashionTC_001" time="2.317" classname="FashionPage.FashionTest"/>
  <system-out/>
  <testcase name="FashionTC003" time="2.130" classname="FashionPage.FashionTest"/>
  <system-out/>
  <testcase name="FashionTC002" time="2.270" classname="FashionPage.FashionTest"/>
  <system-out/>
</testsuite> <!-- FashionPage.FashionTest -->
