<?xml version="1.0" encoding="UTF-8"?>
<!-- Generated by org.testng.reporters.JUnitReportReporter -->
<testsuite skipped="0" hostname="KS-SUHAS-PC" name="Login.LoginTest" tests="1" failures="0" timestamp="2021-07-02T15:20:49 IST" time="1.435" errors="0">
  <testcase name="SignInTC_003" time="1.435" classname="Login.LoginTest"/>
  <system-out/>
</testsuite> <!-- Login.LoginTest -->
